23-Feb-2024 10:32:37.143 INFO [main] org.apache.catalina.startup.VersionLoggerListener.log 서버 버전 이름:    Apache Tomcat/11.0.0-M17
23-Feb-2024 10:32:37.146 INFO [main] org.apache.catalina.startup.VersionLoggerListener.log Server 빌드 시각:  Feb 13 2024 22:13:53 UTC
23-Feb-2024 10:32:37.146 INFO [main] org.apache.catalina.startup.VersionLoggerListener.log Server 버전 번호:  11.0.0.0
23-Feb-2024 10:32:37.147 INFO [main] org.apache.catalina.startup.VersionLoggerListener.log 운영체제 이름:     Windows 10
23-Feb-2024 10:32:37.147 INFO [main] org.apache.catalina.startup.VersionLoggerListener.log 운영체제 버전:     10.0
23-Feb-2024 10:32:37.147 INFO [main] org.apache.catalina.startup.VersionLoggerListener.log 아키텍처:          amd64
23-Feb-2024 10:32:37.147 INFO [main] org.apache.catalina.startup.VersionLoggerListener.log 자바 홈:           C:\Java\jdk-21
23-Feb-2024 10:32:37.147 INFO [main] org.apache.catalina.startup.VersionLoggerListener.log JVM 버전:          21.0.2+13-LTS-58
23-Feb-2024 10:32:37.147 INFO [main] org.apache.catalina.startup.VersionLoggerListener.log JVM 벤더:          Oracle Corporation
23-Feb-2024 10:32:37.147 INFO [main] org.apache.catalina.startup.VersionLoggerListener.log CATALINA_BASE:     C:\Jsp\Tomcat 11.0
23-Feb-2024 10:32:37.147 INFO [main] org.apache.catalina.startup.VersionLoggerListener.log CATALINA_HOME:     C:\Jsp\Tomcat 11.0
23-Feb-2024 10:32:37.172 INFO [main] org.apache.catalina.startup.VersionLoggerListener.log 명령 행 아규먼트:  -Dcatalina.home=C:\Jsp\Tomcat 11.0
23-Feb-2024 10:32:37.172 INFO [main] org.apache.catalina.startup.VersionLoggerListener.log 명령 행 아규먼트:  -Dcatalina.base=C:\Jsp\Tomcat 11.0
23-Feb-2024 10:32:37.172 INFO [main] org.apache.catalina.startup.VersionLoggerListener.log 명령 행 아규먼트:  -Djava.io.tmpdir=C:\Jsp\Tomcat 11.0\temp
23-Feb-2024 10:32:37.172 INFO [main] org.apache.catalina.startup.VersionLoggerListener.log 명령 행 아규먼트:  -Djava.util.logging.manager=org.apache.juli.ClassLoaderLogManager
23-Feb-2024 10:32:37.173 INFO [main] org.apache.catalina.startup.VersionLoggerListener.log 명령 행 아규먼트:  -Djava.util.logging.config.file=C:\Jsp\Tomcat 11.0\conf\logging.properties
23-Feb-2024 10:32:37.173 INFO [main] org.apache.catalina.startup.VersionLoggerListener.log 명령 행 아규먼트:  --add-opens=java.base/java.lang=ALL-UNNAMED
23-Feb-2024 10:32:37.173 INFO [main] org.apache.catalina.startup.VersionLoggerListener.log 명령 행 아규먼트:  --add-opens=java.base/java.io=ALL-UNNAMED
23-Feb-2024 10:32:37.173 INFO [main] org.apache.catalina.startup.VersionLoggerListener.log 명령 행 아규먼트:  --add-opens=java.rmi/sun.rmi.transport=ALL-UNNAMED
23-Feb-2024 10:32:37.173 INFO [main] org.apache.catalina.startup.VersionLoggerListener.log 명령 행 아규먼트:  exit
23-Feb-2024 10:32:37.173 INFO [main] org.apache.catalina.startup.VersionLoggerListener.log 명령 행 아규먼트:  abort
23-Feb-2024 10:32:37.173 INFO [main] org.apache.catalina.startup.VersionLoggerListener.log 명령 행 아규먼트:  -Xms128m
23-Feb-2024 10:32:37.173 INFO [main] org.apache.catalina.startup.VersionLoggerListener.log 명령 행 아규먼트:  -Xmx256m
23-Feb-2024 10:32:37.197 INFO [main] org.apache.catalina.core.AprLifecycleListener.lifecycleEvent 프로덕션 환경들에서 최적의 성능을 제공하는, APR 기반 Apache Tomcat Native 라이브러리가, 다음 java.library.path에서 발견되지 않습니다: [C:\Jsp\Tomcat 11.0\bin;C:\WINDOWS\Sun\Java\bin;C:\WINDOWS\system32;C:\WINDOWS;C:\Java\jdk-21\bin;C:\Java\jdk-21\bin;C:\Program Files\Common Files\Oracle\Java\javapath;C:\oraclexe\app\oracle\product\11.2.0\server\bin;C:\venvs\Scripts\;C:\venvs\;C:\oraclexe\app\oracle\product\11.2.0\server\bin;C:\WINDOWS\system32;C:\WINDOWS;C:\WINDOWS\System32\Wbem;C:\WINDOWS\System32\WindowsPowerShell\v1.0\;C:\WINDOWS\System32\OpenSSH\;C:\flutter_windows_3.7.6\dartsdk-windows-x64-release\dart-sdk;C:\Java\jdk-17\bin;C:\Program Files\Git\cmd;C:\WINDOWS\ServiceProfiles\LocalService\AppData\Local\Microsoft\WindowsApps;.]
23-Feb-2024 10:32:37.483 INFO [main] org.apache.coyote.AbstractProtocol.init 프로토콜 핸들러 ["http-nio-8888"]을(를) 초기화합니다.
23-Feb-2024 10:32:37.514 INFO [main] org.apache.catalina.startup.Catalina.load [584] 밀리초 내에 서버가 초기화되었습니다.
23-Feb-2024 10:32:37.573 INFO [main] org.apache.catalina.core.StandardService.startInternal 서비스 [Catalina]을(를) 시작합니다.
23-Feb-2024 10:32:37.573 INFO [main] org.apache.catalina.core.StandardEngine.startInternal 서버 엔진을 시작합니다: [Apache Tomcat/11.0.0-M17]
23-Feb-2024 10:32:37.587 INFO [main] org.apache.catalina.startup.HostConfig.deployDirectory 웹 애플리케이션 디렉토리 [C:\Jsp\Tomcat 11.0\webapps\docs]을(를) 배치합니다.
23-Feb-2024 10:32:37.946 INFO [main] org.apache.catalina.startup.HostConfig.deployDirectory 웹 애플리케이션 디렉토리 [C:\Jsp\Tomcat 11.0\webapps\docs]에 대한 배치가 [357] 밀리초에 완료되었습니다.
23-Feb-2024 10:32:37.947 INFO [main] org.apache.catalina.startup.HostConfig.deployDirectory 웹 애플리케이션 디렉토리 [C:\Jsp\Tomcat 11.0\webapps\examples]을(를) 배치합니다.
23-Feb-2024 10:32:38.873 INFO [main] org.apache.catalina.startup.HostConfig.deployDirectory 웹 애플리케이션 디렉토리 [C:\Jsp\Tomcat 11.0\webapps\examples]에 대한 배치가 [926] 밀리초에 완료되었습니다.
23-Feb-2024 10:32:38.874 INFO [main] org.apache.catalina.startup.HostConfig.deployDirectory 웹 애플리케이션 디렉토리 [C:\Jsp\Tomcat 11.0\webapps\host-manager]을(를) 배치합니다.
23-Feb-2024 10:32:38.938 INFO [main] org.apache.catalina.startup.HostConfig.deployDirectory 웹 애플리케이션 디렉토리 [C:\Jsp\Tomcat 11.0\webapps\host-manager]에 대한 배치가 [64] 밀리초에 완료되었습니다.
23-Feb-2024 10:32:38.939 INFO [main] org.apache.catalina.startup.HostConfig.deployDirectory 웹 애플리케이션 디렉토리 [C:\Jsp\Tomcat 11.0\webapps\manager]을(를) 배치합니다.
23-Feb-2024 10:32:39.002 INFO [main] org.apache.catalina.startup.HostConfig.deployDirectory 웹 애플리케이션 디렉토리 [C:\Jsp\Tomcat 11.0\webapps\manager]에 대한 배치가 [63] 밀리초에 완료되었습니다.
23-Feb-2024 10:32:39.003 INFO [main] org.apache.catalina.startup.HostConfig.deployDirectory 웹 애플리케이션 디렉토리 [C:\Jsp\Tomcat 11.0\webapps\ROOT]을(를) 배치합니다.
23-Feb-2024 10:32:39.047 INFO [main] org.apache.catalina.startup.HostConfig.deployDirectory 웹 애플리케이션 디렉토리 [C:\Jsp\Tomcat 11.0\webapps\ROOT]에 대한 배치가 [44] 밀리초에 완료되었습니다.
23-Feb-2024 10:32:39.053 INFO [main] org.apache.coyote.AbstractProtocol.start 프로토콜 핸들러 ["http-nio-8888"]을(를) 시작합니다.
23-Feb-2024 10:32:39.088 INFO [main] org.apache.catalina.startup.Catalina.start 서버가 [1573] 밀리초 내에 시작되었습니다.
23-Feb-2024 11:28:25.227 INFO [Thread-2] org.apache.coyote.AbstractProtocol.pause 프로토콜 핸들러 ["http-nio-8888"]을(를) 일시 정지 중
23-Feb-2024 11:28:25.240 INFO [Thread-2] org.apache.catalina.core.StandardService.stopInternal 서비스 [Catalina]을(를) 중지시킵니다.
23-Feb-2024 11:28:25.297 INFO [Thread-2] org.apache.coyote.AbstractProtocol.stop 프로토콜 핸들러 ["http-nio-8888"]을(를) 중지시킵니다.
23-Feb-2024 11:28:25.310 INFO [Thread-2] org.apache.coyote.AbstractProtocol.destroy 프로토콜 핸들러 ["http-nio-8888"]을(를) 소멸시킵니다.
