[2024-02-23 09:55:15] [info]  [24504] Apache Commons Daemon procrun (1.3.4.0 64-bit) started.
[2024-02-23 09:55:15] [info]  [24504] Running Service 'Tomcat11'...
[2024-02-23 09:55:15] [info]  [22336] Starting service...
[2024-02-23 09:55:15] [error] [14608] FindClass org/apache/catalina/startup/Bootstrap failed
[2024-02-23 09:55:15] [error] [14608] 지정된 프로시저를 찾을 수 없습니다.
[2024-02-23 09:55:15] [error] [22336] Failed to start Java
[2024-02-23 09:55:15] [error] [22336] ServiceStart returned 4.
[2024-02-23 09:55:15] [info]  [24504] Run service finished.
[2024-02-23 09:55:15] [info]  [24504] Apache Commons Daemon procrun finished.
[2024-02-23 09:55:37] [info]  [20828] Apache Commons Daemon procrun (1.3.4.0 64-bit) started.
[2024-02-23 09:55:37] [info]  [20828] Running Service 'Tomcat11'...
[2024-02-23 09:55:37] [info]  [17192] Starting service...
[2024-02-23 09:55:37] [error] [23380] FindClass org/apache/catalina/startup/Bootstrap failed
[2024-02-23 09:55:37] [error] [23380] 지정된 프로시저를 찾을 수 없습니다.
[2024-02-23 09:55:37] [error] [17192] Failed to start Java
[2024-02-23 09:55:37] [error] [17192] ServiceStart returned 4.
[2024-02-23 09:55:37] [info]  [20828] Run service finished.
[2024-02-23 09:55:37] [info]  [20828] Apache Commons Daemon procrun finished.
[2024-02-23 10:24:48] [info]  [21644] Apache Commons Daemon procrun (1.3.4.0 64-bit) started.
[2024-02-23 10:24:48] [info]  [21644] Running Service 'Tomcat11'...
[2024-02-23 10:24:48] [info]  [ 9584] Starting service...
[2024-02-23 10:24:48] [error] [25252] FindClass org/apache/catalina/startup/Bootstrap failed
[2024-02-23 10:24:48] [error] [25252] 지정된 프로시저를 찾을 수 없습니다.
[2024-02-23 10:24:48] [error] [ 9584] Failed to start Java
[2024-02-23 10:24:48] [error] [ 9584] ServiceStart returned 4.
[2024-02-23 10:24:48] [info]  [21644] Run service finished.
[2024-02-23 10:24:48] [info]  [21644] Apache Commons Daemon procrun finished.
[2024-02-23 10:24:58] [info]  [22804] Apache Commons Daemon procrun (1.3.4.0 64-bit) started.
[2024-02-23 10:24:58] [info]  [22804] Running Service 'Tomcat11'...
[2024-02-23 10:24:58] [info]  [20120] Starting service...
[2024-02-23 10:24:58] [error] [25356] FindClass org/apache/catalina/startup/Bootstrap failed
[2024-02-23 10:24:58] [error] [25356] 지정된 프로시저를 찾을 수 없습니다.
[2024-02-23 10:24:58] [error] [20120] Failed to start Java
[2024-02-23 10:24:58] [error] [20120] ServiceStart returned 4.
[2024-02-23 10:24:58] [info]  [22804] Run service finished.
[2024-02-23 10:24:58] [info]  [22804] Apache Commons Daemon procrun finished.
[2024-02-23 10:31:34] [info]  [22136] Apache Commons Daemon procrun (1.3.4.0 64-bit) started.
[2024-02-23 10:31:34] [info]  [22136] Running Service 'Tomcat11'...
[2024-02-23 10:31:34] [info]  [17232] Starting service...
[2024-02-23 10:31:34] [error] [ 6388] FindClass org/apache/catalina/startup/Bootstrap failed
[2024-02-23 10:31:34] [error] [ 6388] 지정된 프로시저를 찾을 수 없습니다.
[2024-02-23 10:31:34] [error] [17232] Failed to start Java
[2024-02-23 10:31:34] [error] [17232] ServiceStart returned 4.
[2024-02-23 10:31:34] [info]  [22136] Run service finished.
[2024-02-23 10:31:34] [info]  [22136] Apache Commons Daemon procrun finished.
[2024-02-23 10:32:36] [info]  [21996] Apache Commons Daemon procrun (1.3.4.0 64-bit) started.
[2024-02-23 10:32:36] [info]  [21996] Running Service 'Tomcat11'...
[2024-02-23 10:32:36] [info]  [19032] Starting service...
[2024-02-23 10:32:37] [info]  [19032] Service started in 1302 milliseconds.
[2024-02-23 11:28:25] [info]  [21996] Service SERVICE_CONTROL_STOP signalled.
[2024-02-23 11:28:25] [info]  [15860] Stopping service...
[2024-02-23 11:28:26] [info]  [15860] Service stop thread completed.
[2024-02-23 11:28:26] [info]  [21996] Run service finished.
[2024-02-23 11:28:26] [info]  [21996] Apache Commons Daemon procrun finished.
