27-Mar-2024 14:01:31.062 WARNING [main] org.apache.tomcat.util.digester.SetPropertiesRule.begin Match [Server]이(가) 프로퍼티 [port]을(를) [ad-1](으)로 설정하지 못했습니다.
27-Mar-2024 14:01:31.195 INFO [main] org.apache.catalina.startup.VersionLoggerListener.log 서버 버전 이름:    Apache Tomcat/9.0.86
27-Mar-2024 14:01:31.196 INFO [main] org.apache.catalina.startup.VersionLoggerListener.log Server 빌드 시각:  Feb 14 2024 08:15:12 UTC
27-Mar-2024 14:01:31.196 INFO [main] org.apache.catalina.startup.VersionLoggerListener.log Server 버전 번호:  9.0.86.0
27-Mar-2024 14:01:31.196 INFO [main] org.apache.catalina.startup.VersionLoggerListener.log 운영체제 이름:     Windows 10
27-Mar-2024 14:01:31.196 INFO [main] org.apache.catalina.startup.VersionLoggerListener.log 운영체제 버전:     10.0
27-Mar-2024 14:01:31.197 INFO [main] org.apache.catalina.startup.VersionLoggerListener.log 아키텍처:          amd64
27-Mar-2024 14:01:31.197 INFO [main] org.apache.catalina.startup.VersionLoggerListener.log 자바 홈:           C:\Java\jdk-17
27-Mar-2024 14:01:31.197 INFO [main] org.apache.catalina.startup.VersionLoggerListener.log JVM 버전:          17.0.9+11-LTS-201
27-Mar-2024 14:01:31.197 INFO [main] org.apache.catalina.startup.VersionLoggerListener.log JVM 벤더:          Oracle Corporation
27-Mar-2024 14:01:31.197 INFO [main] org.apache.catalina.startup.VersionLoggerListener.log CATALINA_BASE:     C:\Jsp\Tomcat 9.0
27-Mar-2024 14:01:31.197 INFO [main] org.apache.catalina.startup.VersionLoggerListener.log CATALINA_HOME:     C:\Jsp\Tomcat 9.0
27-Mar-2024 14:01:31.198 INFO [main] org.apache.catalina.startup.VersionLoggerListener.log 명령 행 아규먼트:  -Dcatalina.home=C:\Jsp\Tomcat 9.0
27-Mar-2024 14:01:31.198 INFO [main] org.apache.catalina.startup.VersionLoggerListener.log 명령 행 아규먼트:  -Dcatalina.base=C:\Jsp\Tomcat 9.0
27-Mar-2024 14:01:31.198 INFO [main] org.apache.catalina.startup.VersionLoggerListener.log 명령 행 아규먼트:  -Djava.io.tmpdir=C:\Jsp\Tomcat 9.0\temp
27-Mar-2024 14:01:31.198 INFO [main] org.apache.catalina.startup.VersionLoggerListener.log 명령 행 아규먼트:  -Djava.util.logging.manager=org.apache.juli.ClassLoaderLogManager
27-Mar-2024 14:01:31.199 INFO [main] org.apache.catalina.startup.VersionLoggerListener.log 명령 행 아규먼트:  -Djava.util.logging.config.file=C:\Jsp\Tomcat 9.0\conf\logging.properties
27-Mar-2024 14:01:31.199 INFO [main] org.apache.catalina.startup.VersionLoggerListener.log 명령 행 아규먼트:  --add-opens=java.base/java.lang=ALL-UNNAMED
27-Mar-2024 14:01:31.199 INFO [main] org.apache.catalina.startup.VersionLoggerListener.log 명령 행 아규먼트:  --add-opens=java.base/java.io=ALL-UNNAMED
27-Mar-2024 14:01:31.199 INFO [main] org.apache.catalina.startup.VersionLoggerListener.log 명령 행 아규먼트:  --add-opens=java.rmi/sun.rmi.transport=ALL-UNNAMED
27-Mar-2024 14:01:31.199 INFO [main] org.apache.catalina.startup.VersionLoggerListener.log 명령 행 아규먼트:  exit
27-Mar-2024 14:01:31.199 INFO [main] org.apache.catalina.startup.VersionLoggerListener.log 명령 행 아규먼트:  abort
27-Mar-2024 14:01:31.199 INFO [main] org.apache.catalina.startup.VersionLoggerListener.log 명령 행 아규먼트:  -Xms128m
27-Mar-2024 14:01:31.199 INFO [main] org.apache.catalina.startup.VersionLoggerListener.log 명령 행 아규먼트:  -Xmx256m
27-Mar-2024 14:01:31.225 INFO [main] org.apache.catalina.core.AprLifecycleListener.lifecycleEvent 프로덕션 환경들에서 최적의 성능을 제공하는, APR 기반 Apache Tomcat Native 라이브러리가, 다음 java.library.path에서 발견되지 않습니다: [C:\Jsp\Tomcat 9.0\bin;C:\WINDOWS\Sun\Java\bin;C:\WINDOWS\system32;C:\WINDOWS;C:\Java\jdk-17\bin;C:\Java\jdk-21\bin;C:\Program Files\Common Files\Oracle\Java\javapath;C:\oraclexe\app\oracle\product\11.2.0\server\bin;C:\venvs\Scripts\;C:\venvs\;C:\oraclexe\app\oracle\product\11.2.0\server\bin;C:\WINDOWS\system32;C:\WINDOWS;C:\WINDOWS\System32\Wbem;C:\WINDOWS\System32\WindowsPowerShell\v1.0\;C:\WINDOWS\System32\OpenSSH\;C:\Java\jdk-17\bin;C:\Program Files\Git\bin;C:\flutter_windows_3.19.3-stable\flutter\bin;C:\WINDOWS\ServiceProfiles\LocalService\AppData\Local\Microsoft\WindowsApps;.]
27-Mar-2024 14:01:31.515 INFO [main] org.apache.coyote.AbstractProtocol.init 프로토콜 핸들러 ["http-nio-80"]을(를) 초기화합니다.
27-Mar-2024 14:01:31.549 INFO [main] org.apache.catalina.startup.Catalina.load [594] 밀리초 내에 서버가 초기화되었습니다.
27-Mar-2024 14:01:31.623 INFO [main] org.apache.catalina.core.StandardService.startInternal 서비스 [Catalina]을(를) 시작합니다.
27-Mar-2024 14:01:31.623 INFO [main] org.apache.catalina.core.StandardEngine.startInternal 서버 엔진을 시작합니다: [Apache Tomcat/9.0.86]
27-Mar-2024 14:01:31.646 INFO [main] org.apache.catalina.startup.HostConfig.deployWAR 웹 애플리케이션 아카이브 [C:\Jsp\Tomcat 9.0\webapps\myapp.war]을(를) 배치합니다.
27-Mar-2024 14:01:33.024 INFO [main] org.apache.jasper.servlet.TldScanner.scanJars 적어도 하나의 JAR가 TLD들을 찾기 위해 스캔되었으나 아무 것도 찾지 못했습니다. 스캔했으나 TLD가 없는 JAR들의 전체 목록을 보시려면, 로그 레벨을 디버그 레벨로 설정하십시오. 스캔 과정에서 불필요한 JAR들을 건너뛰면, 시스템 시작 시간과 JSP 컴파일 시간을 단축시킬 수 있습니다.
27-Mar-2024 14:01:33.145 INFO [main] org.apache.catalina.startup.HostConfig.deployWAR 웹 애플리케이션 아카이브 [C:\Jsp\Tomcat 9.0\webapps\myapp.war]의 배치가 [1,498] 밀리초에 완료되었습니다.
27-Mar-2024 14:01:33.146 INFO [main] org.apache.catalina.startup.HostConfig.deployDirectory 웹 애플리케이션 디렉토리 [C:\Jsp\Tomcat 9.0\webapps\docs]을(를) 배치합니다.
27-Mar-2024 14:01:33.201 INFO [main] org.apache.catalina.startup.HostConfig.deployDirectory 웹 애플리케이션 디렉토리 [C:\Jsp\Tomcat 9.0\webapps\docs]에 대한 배치가 [55] 밀리초에 완료되었습니다.
27-Mar-2024 14:01:33.201 INFO [main] org.apache.catalina.startup.HostConfig.deployDirectory 웹 애플리케이션 디렉토리 [C:\Jsp\Tomcat 9.0\webapps\examples]을(를) 배치합니다.
27-Mar-2024 14:01:34.092 INFO [main] org.apache.catalina.startup.HostConfig.deployDirectory 웹 애플리케이션 디렉토리 [C:\Jsp\Tomcat 9.0\webapps\examples]에 대한 배치가 [891] 밀리초에 완료되었습니다.
27-Mar-2024 14:01:34.093 INFO [main] org.apache.catalina.startup.HostConfig.deployDirectory 웹 애플리케이션 디렉토리 [C:\Jsp\Tomcat 9.0\webapps\host-manager]을(를) 배치합니다.
27-Mar-2024 14:01:34.155 INFO [main] org.apache.catalina.startup.HostConfig.deployDirectory 웹 애플리케이션 디렉토리 [C:\Jsp\Tomcat 9.0\webapps\host-manager]에 대한 배치가 [61] 밀리초에 완료되었습니다.
27-Mar-2024 14:01:34.155 INFO [main] org.apache.catalina.startup.HostConfig.deployDirectory 웹 애플리케이션 디렉토리 [C:\Jsp\Tomcat 9.0\webapps\manager]을(를) 배치합니다.
27-Mar-2024 14:01:34.218 INFO [main] org.apache.catalina.startup.HostConfig.deployDirectory 웹 애플리케이션 디렉토리 [C:\Jsp\Tomcat 9.0\webapps\manager]에 대한 배치가 [63] 밀리초에 완료되었습니다.
27-Mar-2024 14:01:34.219 INFO [main] org.apache.catalina.startup.HostConfig.deployDirectory 웹 애플리케이션 디렉토리 [C:\Jsp\Tomcat 9.0\webapps\ROOT]을(를) 배치합니다.
27-Mar-2024 14:01:34.267 INFO [main] org.apache.catalina.startup.HostConfig.deployDirectory 웹 애플리케이션 디렉토리 [C:\Jsp\Tomcat 9.0\webapps\ROOT]에 대한 배치가 [47] 밀리초에 완료되었습니다.
27-Mar-2024 14:01:34.272 INFO [main] org.apache.coyote.AbstractProtocol.start 프로토콜 핸들러 ["http-nio-80"]을(를) 시작합니다.
27-Mar-2024 14:01:34.353 INFO [main] org.apache.catalina.startup.Catalina.start 서버가 [2803] 밀리초 내에 시작되었습니다.
27-Mar-2024 14:03:35.388 INFO [Thread-2] org.apache.coyote.AbstractProtocol.pause 프로토콜 핸들러 ["http-nio-80"]을(를) 일시 정지 중
27-Mar-2024 14:03:35.426 INFO [Thread-2] org.apache.catalina.core.StandardService.stopInternal 서비스 [Catalina]을(를) 중지시킵니다.
27-Mar-2024 14:03:35.455 INFO [Thread-2] org.apache.coyote.AbstractProtocol.stop 프로토콜 핸들러 ["http-nio-80"]을(를) 중지시킵니다.
27-Mar-2024 14:03:35.462 INFO [Thread-2] org.apache.coyote.AbstractProtocol.destroy 프로토콜 핸들러 ["http-nio-80"]을(를) 소멸시킵니다.
