22-Feb-2024 09:39:38.537 INFO [Thread-2] org.apache.coyote.AbstractProtocol.pause 프로토콜 핸들러 ["http-nio-80"]을(를) 일시 정지 중
22-Feb-2024 09:39:38.549 INFO [Thread-2] org.apache.catalina.core.StandardService.stopInternal 서비스 [Catalina]을(를) 중지시킵니다.
22-Feb-2024 09:39:38.568 INFO [Thread-2] org.apache.coyote.AbstractProtocol.stop 프로토콜 핸들러 ["http-nio-80"]을(를) 중지시킵니다.
22-Feb-2024 09:39:38.575 INFO [Thread-2] org.apache.coyote.AbstractProtocol.destroy 프로토콜 핸들러 ["http-nio-80"]을(를) 소멸시킵니다.
22-Feb-2024 09:57:34.552 WARNING [main] org.apache.tomcat.util.digester.SetPropertiesRule.begin Match [Server]이(가) 프로퍼티 [port]을(를) [ad-1](으)로 설정하지 못했습니다.
22-Feb-2024 09:57:34.674 INFO [main] org.apache.catalina.startup.VersionLoggerListener.log 서버 버전 이름:    Apache Tomcat/9.0.86
22-Feb-2024 09:57:34.675 INFO [main] org.apache.catalina.startup.VersionLoggerListener.log Server 빌드 시각:  Feb 14 2024 08:15:12 UTC
22-Feb-2024 09:57:34.675 INFO [main] org.apache.catalina.startup.VersionLoggerListener.log Server 버전 번호:  9.0.86.0
22-Feb-2024 09:57:34.675 INFO [main] org.apache.catalina.startup.VersionLoggerListener.log 운영체제 이름:     Windows 10
22-Feb-2024 09:57:34.675 INFO [main] org.apache.catalina.startup.VersionLoggerListener.log 운영체제 버전:     10.0
22-Feb-2024 09:57:34.676 INFO [main] org.apache.catalina.startup.VersionLoggerListener.log 아키텍처:          amd64
22-Feb-2024 09:57:34.676 INFO [main] org.apache.catalina.startup.VersionLoggerListener.log 자바 홈:           C:\Java\jdk-17
22-Feb-2024 09:57:34.676 INFO [main] org.apache.catalina.startup.VersionLoggerListener.log JVM 버전:          17.0.9+11-LTS-201
22-Feb-2024 09:57:34.676 INFO [main] org.apache.catalina.startup.VersionLoggerListener.log JVM 벤더:          Oracle Corporation
22-Feb-2024 09:57:34.676 INFO [main] org.apache.catalina.startup.VersionLoggerListener.log CATALINA_BASE:     C:\Jsp\Tomcat 9.0
22-Feb-2024 09:57:34.676 INFO [main] org.apache.catalina.startup.VersionLoggerListener.log CATALINA_HOME:     C:\Jsp\Tomcat 9.0
22-Feb-2024 09:57:34.677 INFO [main] org.apache.catalina.startup.VersionLoggerListener.log 명령 행 아규먼트:  -Dcatalina.home=C:\Jsp\Tomcat 9.0
22-Feb-2024 09:57:34.677 INFO [main] org.apache.catalina.startup.VersionLoggerListener.log 명령 행 아규먼트:  -Dcatalina.base=C:\Jsp\Tomcat 9.0
22-Feb-2024 09:57:34.677 INFO [main] org.apache.catalina.startup.VersionLoggerListener.log 명령 행 아규먼트:  -Djava.io.tmpdir=C:\Jsp\Tomcat 9.0\temp
22-Feb-2024 09:57:34.677 INFO [main] org.apache.catalina.startup.VersionLoggerListener.log 명령 행 아규먼트:  -Djava.util.logging.manager=org.apache.juli.ClassLoaderLogManager
22-Feb-2024 09:57:34.677 INFO [main] org.apache.catalina.startup.VersionLoggerListener.log 명령 행 아규먼트:  -Djava.util.logging.config.file=C:\Jsp\Tomcat 9.0\conf\logging.properties
22-Feb-2024 09:57:34.677 INFO [main] org.apache.catalina.startup.VersionLoggerListener.log 명령 행 아규먼트:  --add-opens=java.base/java.lang=ALL-UNNAMED
22-Feb-2024 09:57:34.678 INFO [main] org.apache.catalina.startup.VersionLoggerListener.log 명령 행 아규먼트:  --add-opens=java.base/java.io=ALL-UNNAMED
22-Feb-2024 09:57:34.678 INFO [main] org.apache.catalina.startup.VersionLoggerListener.log 명령 행 아규먼트:  --add-opens=java.rmi/sun.rmi.transport=ALL-UNNAMED
22-Feb-2024 09:57:34.678 INFO [main] org.apache.catalina.startup.VersionLoggerListener.log 명령 행 아규먼트:  exit
22-Feb-2024 09:57:34.678 INFO [main] org.apache.catalina.startup.VersionLoggerListener.log 명령 행 아규먼트:  abort
22-Feb-2024 09:57:34.678 INFO [main] org.apache.catalina.startup.VersionLoggerListener.log 명령 행 아규먼트:  -Xms128m
22-Feb-2024 09:57:34.678 INFO [main] org.apache.catalina.startup.VersionLoggerListener.log 명령 행 아규먼트:  -Xmx256m
22-Feb-2024 09:57:34.701 INFO [main] org.apache.catalina.core.AprLifecycleListener.lifecycleEvent 프로덕션 환경들에서 최적의 성능을 제공하는, APR 기반 Apache Tomcat Native 라이브러리가, 다음 java.library.path에서 발견되지 않습니다: [C:\Jsp\Tomcat 9.0\bin;C:\WINDOWS\Sun\Java\bin;C:\WINDOWS\system32;C:\WINDOWS;C:\Java\jdk-17\bin;C:\oraclexe\app\oracle\product\11.2.0\server\bin;C:\Java\jdk-17\bin;C:\venvs\Scripts\;C:\venvs\;C:\oraclexe\app\oracle\product\11.2.0\server\bin;C:\WINDOWS\system32;C:\WINDOWS;C:\WINDOWS\System32\Wbem;C:\WINDOWS\System32\WindowsPowerShell\v1.0\;C:\WINDOWS\System32\OpenSSH\;C:\flutter_windows_3.7.6\dartsdk-windows-x64-release\dart-sdk;C:\Java\jdk-17\bin;C:\Program Files\Git\cmd;C:\WINDOWS\ServiceProfiles\LocalService\AppData\Local\Microsoft\WindowsApps;.]
22-Feb-2024 09:57:34.953 INFO [main] org.apache.coyote.AbstractProtocol.init 프로토콜 핸들러 ["http-nio-80"]을(를) 초기화합니다.
22-Feb-2024 09:57:34.975 INFO [main] org.apache.catalina.startup.Catalina.load [521] 밀리초 내에 서버가 초기화되었습니다.
22-Feb-2024 09:57:35.037 INFO [main] org.apache.catalina.core.StandardService.startInternal 서비스 [Catalina]을(를) 시작합니다.
22-Feb-2024 09:57:35.037 INFO [main] org.apache.catalina.core.StandardEngine.startInternal 서버 엔진을 시작합니다: [Apache Tomcat/9.0.86]
22-Feb-2024 09:57:35.048 INFO [main] org.apache.catalina.startup.HostConfig.deployDirectory 웹 애플리케이션 디렉토리 [C:\Jsp\Tomcat 9.0\webapps\docs]을(를) 배치합니다.
22-Feb-2024 09:57:35.453 INFO [main] org.apache.catalina.startup.HostConfig.deployDirectory 웹 애플리케이션 디렉토리 [C:\Jsp\Tomcat 9.0\webapps\docs]에 대한 배치가 [403] 밀리초에 완료되었습니다.
22-Feb-2024 09:57:35.453 INFO [main] org.apache.catalina.startup.HostConfig.deployDirectory 웹 애플리케이션 디렉토리 [C:\Jsp\Tomcat 9.0\webapps\examples]을(를) 배치합니다.
22-Feb-2024 09:57:36.340 INFO [main] org.apache.catalina.startup.HostConfig.deployDirectory 웹 애플리케이션 디렉토리 [C:\Jsp\Tomcat 9.0\webapps\examples]에 대한 배치가 [887] 밀리초에 완료되었습니다.
22-Feb-2024 09:57:36.340 INFO [main] org.apache.catalina.startup.HostConfig.deployDirectory 웹 애플리케이션 디렉토리 [C:\Jsp\Tomcat 9.0\webapps\host-manager]을(를) 배치합니다.
22-Feb-2024 09:57:36.400 INFO [main] org.apache.catalina.startup.HostConfig.deployDirectory 웹 애플리케이션 디렉토리 [C:\Jsp\Tomcat 9.0\webapps\host-manager]에 대한 배치가 [60] 밀리초에 완료되었습니다.
22-Feb-2024 09:57:36.400 INFO [main] org.apache.catalina.startup.HostConfig.deployDirectory 웹 애플리케이션 디렉토리 [C:\Jsp\Tomcat 9.0\webapps\manager]을(를) 배치합니다.
22-Feb-2024 09:57:36.469 INFO [main] org.apache.catalina.startup.HostConfig.deployDirectory 웹 애플리케이션 디렉토리 [C:\Jsp\Tomcat 9.0\webapps\manager]에 대한 배치가 [68] 밀리초에 완료되었습니다.
22-Feb-2024 09:57:36.469 INFO [main] org.apache.catalina.startup.HostConfig.deployDirectory 웹 애플리케이션 디렉토리 [C:\Jsp\Tomcat 9.0\webapps\ROOT]을(를) 배치합니다.
22-Feb-2024 09:57:36.513 INFO [main] org.apache.catalina.startup.HostConfig.deployDirectory 웹 애플리케이션 디렉토리 [C:\Jsp\Tomcat 9.0\webapps\ROOT]에 대한 배치가 [44] 밀리초에 완료되었습니다.
22-Feb-2024 09:57:36.519 INFO [main] org.apache.coyote.AbstractProtocol.start 프로토콜 핸들러 ["http-nio-80"]을(를) 시작합니다.
22-Feb-2024 09:57:36.596 INFO [main] org.apache.catalina.startup.Catalina.start 서버가 [1619] 밀리초 내에 시작되었습니다.
22-Feb-2024 10:00:43.234 INFO [Thread-2] org.apache.coyote.AbstractProtocol.pause 프로토콜 핸들러 ["http-nio-80"]을(를) 일시 정지 중
22-Feb-2024 10:00:43.287 INFO [Thread-2] org.apache.catalina.core.StandardService.stopInternal 서비스 [Catalina]을(를) 중지시킵니다.
22-Feb-2024 10:00:43.344 INFO [Thread-2] org.apache.coyote.AbstractProtocol.stop 프로토콜 핸들러 ["http-nio-80"]을(를) 중지시킵니다.
22-Feb-2024 10:00:43.357 INFO [Thread-2] org.apache.coyote.AbstractProtocol.destroy 프로토콜 핸들러 ["http-nio-80"]을(를) 소멸시킵니다.
