
2024-02-21 10:39:17 Apache Commons Daemon procrun stderr initialized.
21-Feb-2024 10:39:17.904 WARNING [main] org.apache.tomcat.util.digester.SetPropertiesRule.begin Match [Server]이(가) 프로퍼티 [port]을(를) [ad-1](으)로 설정하지 못했습니다.
21-Feb-2024 10:39:18.031 INFO [main] org.apache.catalina.startup.VersionLoggerListener.log 서버 버전 이름:    Apache Tomcat/9.0.86
21-Feb-2024 10:39:18.032 INFO [main] org.apache.catalina.startup.VersionLoggerListener.log Server 빌드 시각:  Feb 14 2024 08:15:12 UTC
21-Feb-2024 10:39:18.032 INFO [main] org.apache.catalina.startup.VersionLoggerListener.log Server 버전 번호:  9.0.86.0
21-Feb-2024 10:39:18.032 INFO [main] org.apache.catalina.startup.VersionLoggerListener.log 운영체제 이름:     Windows 10
21-Feb-2024 10:39:18.032 INFO [main] org.apache.catalina.startup.VersionLoggerListener.log 운영체제 버전:     10.0
21-Feb-2024 10:39:18.032 INFO [main] org.apache.catalina.startup.VersionLoggerListener.log 아키텍처:          amd64
21-Feb-2024 10:39:18.032 INFO [main] org.apache.catalina.startup.VersionLoggerListener.log 자바 홈:           C:\Java\jdk-17
21-Feb-2024 10:39:18.033 INFO [main] org.apache.catalina.startup.VersionLoggerListener.log JVM 버전:          17.0.9+11-LTS-201
21-Feb-2024 10:39:18.033 INFO [main] org.apache.catalina.startup.VersionLoggerListener.log JVM 벤더:          Oracle Corporation
21-Feb-2024 10:39:18.033 INFO [main] org.apache.catalina.startup.VersionLoggerListener.log CATALINA_BASE:     C:\Jsp\Tomcat 9.0
21-Feb-2024 10:39:18.033 INFO [main] org.apache.catalina.startup.VersionLoggerListener.log CATALINA_HOME:     C:\Jsp\Tomcat 9.0
21-Feb-2024 10:39:18.034 INFO [main] org.apache.catalina.startup.VersionLoggerListener.log 명령 행 아규먼트:  -Dcatalina.home=C:\Jsp\Tomcat 9.0
21-Feb-2024 10:39:18.034 INFO [main] org.apache.catalina.startup.VersionLoggerListener.log 명령 행 아규먼트:  -Dcatalina.base=C:\Jsp\Tomcat 9.0
21-Feb-2024 10:39:18.034 INFO [main] org.apache.catalina.startup.VersionLoggerListener.log 명령 행 아규먼트:  -Djava.io.tmpdir=C:\Jsp\Tomcat 9.0\temp
21-Feb-2024 10:39:18.034 INFO [main] org.apache.catalina.startup.VersionLoggerListener.log 명령 행 아규먼트:  -Djava.util.logging.manager=org.apache.juli.ClassLoaderLogManager
21-Feb-2024 10:39:18.034 INFO [main] org.apache.catalina.startup.VersionLoggerListener.log 명령 행 아규먼트:  -Djava.util.logging.config.file=C:\Jsp\Tomcat 9.0\conf\logging.properties
21-Feb-2024 10:39:18.034 INFO [main] org.apache.catalina.startup.VersionLoggerListener.log 명령 행 아규먼트:  --add-opens=java.base/java.lang=ALL-UNNAMED
21-Feb-2024 10:39:18.034 INFO [main] org.apache.catalina.startup.VersionLoggerListener.log 명령 행 아규먼트:  --add-opens=java.base/java.io=ALL-UNNAMED
21-Feb-2024 10:39:18.035 INFO [main] org.apache.catalina.startup.VersionLoggerListener.log 명령 행 아규먼트:  --add-opens=java.rmi/sun.rmi.transport=ALL-UNNAMED
21-Feb-2024 10:39:18.035 INFO [main] org.apache.catalina.startup.VersionLoggerListener.log 명령 행 아규먼트:  exit
21-Feb-2024 10:39:18.035 INFO [main] org.apache.catalina.startup.VersionLoggerListener.log 명령 행 아규먼트:  abort
21-Feb-2024 10:39:18.035 INFO [main] org.apache.catalina.startup.VersionLoggerListener.log 명령 행 아규먼트:  -Xms128m
21-Feb-2024 10:39:18.035 INFO [main] org.apache.catalina.startup.VersionLoggerListener.log 명령 행 아규먼트:  -Xmx256m
21-Feb-2024 10:39:18.059 INFO [main] org.apache.catalina.core.AprLifecycleListener.lifecycleEvent 프로덕션 환경들에서 최적의 성능을 제공하는, APR 기반 Apache Tomcat Native 라이브러리가, 다음 java.library.path에서 발견되지 않습니다: [C:\Jsp\Tomcat 9.0\bin;C:\WINDOWS\Sun\Java\bin;C:\WINDOWS\system32;C:\WINDOWS;C:\Java\jdk-17\bin;C:\oraclexe\app\oracle\product\11.2.0\server\bin;C:\Java\jdk-17\bin;C:\venvs\Scripts\;C:\venvs\;C:\oraclexe\app\oracle\product\11.2.0\server\bin;C:\WINDOWS\system32;C:\WINDOWS;C:\WINDOWS\System32\Wbem;C:\WINDOWS\System32\WindowsPowerShell\v1.0\;C:\WINDOWS\System32\OpenSSH\;C:\flutter_windows_3.7.6\dartsdk-windows-x64-release\dart-sdk;C:\Java\jdk-17\bin;C:\Program Files\Git\cmd;C:\WINDOWS\ServiceProfiles\LocalService\AppData\Local\Microsoft\WindowsApps;.]
21-Feb-2024 10:39:18.330 INFO [main] org.apache.coyote.AbstractProtocol.init 프로토콜 핸들러 ["http-nio-80"]을(를) 초기화합니다.
21-Feb-2024 10:39:18.355 INFO [main] org.apache.catalina.startup.Catalina.load [545] 밀리초 내에 서버가 초기화되었습니다.
21-Feb-2024 10:39:18.417 INFO [main] org.apache.catalina.core.StandardService.startInternal 서비스 [Catalina]을(를) 시작합니다.
21-Feb-2024 10:39:18.417 INFO [main] org.apache.catalina.core.StandardEngine.startInternal 서버 엔진을 시작합니다: [Apache Tomcat/9.0.86]
21-Feb-2024 10:39:18.430 INFO [main] org.apache.catalina.startup.HostConfig.deployDirectory 웹 애플리케이션 디렉토리 [C:\Jsp\Tomcat 9.0\webapps\docs]을(를) 배치합니다.
21-Feb-2024 10:39:18.870 INFO [main] org.apache.catalina.startup.HostConfig.deployDirectory 웹 애플리케이션 디렉토리 [C:\Jsp\Tomcat 9.0\webapps\docs]에 대한 배치가 [439] 밀리초에 완료되었습니다.
21-Feb-2024 10:39:18.871 INFO [main] org.apache.catalina.startup.HostConfig.deployDirectory 웹 애플리케이션 디렉토리 [C:\Jsp\Tomcat 9.0\webapps\examples]을(를) 배치합니다.
21-Feb-2024 10:39:19.766 INFO [main] org.apache.catalina.startup.HostConfig.deployDirectory 웹 애플리케이션 디렉토리 [C:\Jsp\Tomcat 9.0\webapps\examples]에 대한 배치가 [895] 밀리초에 완료되었습니다.
21-Feb-2024 10:39:19.766 INFO [main] org.apache.catalina.startup.HostConfig.deployDirectory 웹 애플리케이션 디렉토리 [C:\Jsp\Tomcat 9.0\webapps\host-manager]을(를) 배치합니다.
21-Feb-2024 10:39:19.829 INFO [main] org.apache.catalina.startup.HostConfig.deployDirectory 웹 애플리케이션 디렉토리 [C:\Jsp\Tomcat 9.0\webapps\host-manager]에 대한 배치가 [63] 밀리초에 완료되었습니다.
21-Feb-2024 10:39:19.829 INFO [main] org.apache.catalina.startup.HostConfig.deployDirectory 웹 애플리케이션 디렉토리 [C:\Jsp\Tomcat 9.0\webapps\manager]을(를) 배치합니다.
21-Feb-2024 10:39:19.897 INFO [main] org.apache.catalina.startup.HostConfig.deployDirectory 웹 애플리케이션 디렉토리 [C:\Jsp\Tomcat 9.0\webapps\manager]에 대한 배치가 [68] 밀리초에 완료되었습니다.
21-Feb-2024 10:39:19.897 INFO [main] org.apache.catalina.startup.HostConfig.deployDirectory 웹 애플리케이션 디렉토리 [C:\Jsp\Tomcat 9.0\webapps\ROOT]을(를) 배치합니다.
21-Feb-2024 10:39:19.944 INFO [main] org.apache.catalina.startup.HostConfig.deployDirectory 웹 애플리케이션 디렉토리 [C:\Jsp\Tomcat 9.0\webapps\ROOT]에 대한 배치가 [47] 밀리초에 완료되었습니다.
21-Feb-2024 10:39:19.950 INFO [main] org.apache.coyote.AbstractProtocol.start 프로토콜 핸들러 ["http-nio-80"]을(를) 시작합니다.
21-Feb-2024 10:39:20.041 INFO [main] org.apache.catalina.startup.Catalina.start 서버가 [1685] 밀리초 내에 시작되었습니다.
21-Feb-2024 10:52:16.101 INFO [Thread-2] org.apache.coyote.AbstractProtocol.pause 프로토콜 핸들러 ["http-nio-80"]을(를) 일시 정지 중
21-Feb-2024 10:52:16.142 INFO [Thread-2] org.apache.catalina.core.StandardService.stopInternal 서비스 [Catalina]을(를) 중지시킵니다.
21-Feb-2024 10:52:16.171 INFO [Thread-2] org.apache.coyote.AbstractProtocol.stop 프로토콜 핸들러 ["http-nio-80"]을(를) 중지시킵니다.
21-Feb-2024 10:52:16.179 INFO [Thread-2] org.apache.coyote.AbstractProtocol.destroy 프로토콜 핸들러 ["http-nio-80"]을(를) 소멸시킵니다.

2024-02-21 17:01:03 Apache Commons Daemon procrun stderr initialized.
21-Feb-2024 17:01:03.663 WARNING [main] org.apache.tomcat.util.digester.SetPropertiesRule.begin Match [Server]이(가) 프로퍼티 [port]을(를) [ad-1](으)로 설정하지 못했습니다.
21-Feb-2024 17:01:03.782 INFO [main] org.apache.catalina.startup.VersionLoggerListener.log 서버 버전 이름:    Apache Tomcat/9.0.86
21-Feb-2024 17:01:03.783 INFO [main] org.apache.catalina.startup.VersionLoggerListener.log Server 빌드 시각:  Feb 14 2024 08:15:12 UTC
21-Feb-2024 17:01:03.783 INFO [main] org.apache.catalina.startup.VersionLoggerListener.log Server 버전 번호:  9.0.86.0
21-Feb-2024 17:01:03.783 INFO [main] org.apache.catalina.startup.VersionLoggerListener.log 운영체제 이름:     Windows 10
21-Feb-2024 17:01:03.783 INFO [main] org.apache.catalina.startup.VersionLoggerListener.log 운영체제 버전:     10.0
21-Feb-2024 17:01:03.783 INFO [main] org.apache.catalina.startup.VersionLoggerListener.log 아키텍처:          amd64
21-Feb-2024 17:01:03.783 INFO [main] org.apache.catalina.startup.VersionLoggerListener.log 자바 홈:           C:\Java\jdk-17
21-Feb-2024 17:01:03.783 INFO [main] org.apache.catalina.startup.VersionLoggerListener.log JVM 버전:          17.0.9+11-LTS-201
21-Feb-2024 17:01:03.784 INFO [main] org.apache.catalina.startup.VersionLoggerListener.log JVM 벤더:          Oracle Corporation
21-Feb-2024 17:01:03.784 INFO [main] org.apache.catalina.startup.VersionLoggerListener.log CATALINA_BASE:     C:\Jsp\Tomcat 9.0
21-Feb-2024 17:01:03.784 INFO [main] org.apache.catalina.startup.VersionLoggerListener.log CATALINA_HOME:     C:\Jsp\Tomcat 9.0
21-Feb-2024 17:01:03.784 INFO [main] org.apache.catalina.startup.VersionLoggerListener.log 명령 행 아규먼트:  -Dcatalina.home=C:\Jsp\Tomcat 9.0
21-Feb-2024 17:01:03.785 INFO [main] org.apache.catalina.startup.VersionLoggerListener.log 명령 행 아규먼트:  -Dcatalina.base=C:\Jsp\Tomcat 9.0
21-Feb-2024 17:01:03.785 INFO [main] org.apache.catalina.startup.VersionLoggerListener.log 명령 행 아규먼트:  -Djava.io.tmpdir=C:\Jsp\Tomcat 9.0\temp
21-Feb-2024 17:01:03.785 INFO [main] org.apache.catalina.startup.VersionLoggerListener.log 명령 행 아규먼트:  -Djava.util.logging.manager=org.apache.juli.ClassLoaderLogManager
21-Feb-2024 17:01:03.785 INFO [main] org.apache.catalina.startup.VersionLoggerListener.log 명령 행 아규먼트:  -Djava.util.logging.config.file=C:\Jsp\Tomcat 9.0\conf\logging.properties
21-Feb-2024 17:01:03.785 INFO [main] org.apache.catalina.startup.VersionLoggerListener.log 명령 행 아규먼트:  --add-opens=java.base/java.lang=ALL-UNNAMED
21-Feb-2024 17:01:03.785 INFO [main] org.apache.catalina.startup.VersionLoggerListener.log 명령 행 아규먼트:  --add-opens=java.base/java.io=ALL-UNNAMED
21-Feb-2024 17:01:03.785 INFO [main] org.apache.catalina.startup.VersionLoggerListener.log 명령 행 아규먼트:  --add-opens=java.rmi/sun.rmi.transport=ALL-UNNAMED
21-Feb-2024 17:01:03.786 INFO [main] org.apache.catalina.startup.VersionLoggerListener.log 명령 행 아규먼트:  exit
21-Feb-2024 17:01:03.786 INFO [main] org.apache.catalina.startup.VersionLoggerListener.log 명령 행 아규먼트:  abort
21-Feb-2024 17:01:03.786 INFO [main] org.apache.catalina.startup.VersionLoggerListener.log 명령 행 아규먼트:  -Xms128m
21-Feb-2024 17:01:03.786 INFO [main] org.apache.catalina.startup.VersionLoggerListener.log 명령 행 아규먼트:  -Xmx256m
21-Feb-2024 17:01:03.808 INFO [main] org.apache.catalina.core.AprLifecycleListener.lifecycleEvent 프로덕션 환경들에서 최적의 성능을 제공하는, APR 기반 Apache Tomcat Native 라이브러리가, 다음 java.library.path에서 발견되지 않습니다: [C:\Jsp\Tomcat 9.0\bin;C:\WINDOWS\Sun\Java\bin;C:\WINDOWS\system32;C:\WINDOWS;C:\Java\jdk-17\bin;C:\oraclexe\app\oracle\product\11.2.0\server\bin;C:\Java\jdk-17\bin;C:\venvs\Scripts\;C:\venvs\;C:\oraclexe\app\oracle\product\11.2.0\server\bin;C:\WINDOWS\system32;C:\WINDOWS;C:\WINDOWS\System32\Wbem;C:\WINDOWS\System32\WindowsPowerShell\v1.0\;C:\WINDOWS\System32\OpenSSH\;C:\flutter_windows_3.7.6\dartsdk-windows-x64-release\dart-sdk;C:\Java\jdk-17\bin;C:\Program Files\Git\cmd;C:\WINDOWS\ServiceProfiles\LocalService\AppData\Local\Microsoft\WindowsApps;.]
21-Feb-2024 17:01:04.050 INFO [main] org.apache.coyote.AbstractProtocol.init 프로토콜 핸들러 ["http-nio-80"]을(를) 초기화합니다.
21-Feb-2024 17:01:04.077 INFO [main] org.apache.catalina.startup.Catalina.load [503] 밀리초 내에 서버가 초기화되었습니다.
21-Feb-2024 17:01:04.134 INFO [main] org.apache.catalina.core.StandardService.startInternal 서비스 [Catalina]을(를) 시작합니다.
21-Feb-2024 17:01:04.135 INFO [main] org.apache.catalina.core.StandardEngine.startInternal 서버 엔진을 시작합니다: [Apache Tomcat/9.0.86]
21-Feb-2024 17:01:04.146 INFO [main] org.apache.catalina.startup.HostConfig.deployDirectory 웹 애플리케이션 디렉토리 [C:\Jsp\Tomcat 9.0\webapps\docs]을(를) 배치합니다.
21-Feb-2024 17:01:04.558 INFO [main] org.apache.catalina.startup.HostConfig.deployDirectory 웹 애플리케이션 디렉토리 [C:\Jsp\Tomcat 9.0\webapps\docs]에 대한 배치가 [410] 밀리초에 완료되었습니다.
21-Feb-2024 17:01:04.558 INFO [main] org.apache.catalina.startup.HostConfig.deployDirectory 웹 애플리케이션 디렉토리 [C:\Jsp\Tomcat 9.0\webapps\examples]을(를) 배치합니다.
21-Feb-2024 17:01:05.437 INFO [main] org.apache.catalina.startup.HostConfig.deployDirectory 웹 애플리케이션 디렉토리 [C:\Jsp\Tomcat 9.0\webapps\examples]에 대한 배치가 [879] 밀리초에 완료되었습니다.
21-Feb-2024 17:01:05.438 INFO [main] org.apache.catalina.startup.HostConfig.deployDirectory 웹 애플리케이션 디렉토리 [C:\Jsp\Tomcat 9.0\webapps\host-manager]을(를) 배치합니다.
21-Feb-2024 17:01:05.497 INFO [main] org.apache.catalina.startup.HostConfig.deployDirectory 웹 애플리케이션 디렉토리 [C:\Jsp\Tomcat 9.0\webapps\host-manager]에 대한 배치가 [59] 밀리초에 완료되었습니다.
21-Feb-2024 17:01:05.497 INFO [main] org.apache.catalina.startup.HostConfig.deployDirectory 웹 애플리케이션 디렉토리 [C:\Jsp\Tomcat 9.0\webapps\manager]을(를) 배치합니다.
21-Feb-2024 17:01:05.568 INFO [main] org.apache.catalina.startup.HostConfig.deployDirectory 웹 애플리케이션 디렉토리 [C:\Jsp\Tomcat 9.0\webapps\manager]에 대한 배치가 [70] 밀리초에 완료되었습니다.
21-Feb-2024 17:01:05.568 INFO [main] org.apache.catalina.startup.HostConfig.deployDirectory 웹 애플리케이션 디렉토리 [C:\Jsp\Tomcat 9.0\webapps\ROOT]을(를) 배치합니다.
21-Feb-2024 17:01:05.611 INFO [main] org.apache.catalina.startup.HostConfig.deployDirectory 웹 애플리케이션 디렉토리 [C:\Jsp\Tomcat 9.0\webapps\ROOT]에 대한 배치가 [43] 밀리초에 완료되었습니다.
21-Feb-2024 17:01:05.617 INFO [main] org.apache.coyote.AbstractProtocol.start 프로토콜 핸들러 ["http-nio-80"]을(를) 시작합니다.
21-Feb-2024 17:01:05.689 INFO [main] org.apache.catalina.startup.Catalina.start 서버가 [1612] 밀리초 내에 시작되었습니다.
22-Feb-2024 09:39:38.537 INFO [Thread-2] org.apache.coyote.AbstractProtocol.pause 프로토콜 핸들러 ["http-nio-80"]을(를) 일시 정지 중
22-Feb-2024 09:39:38.549 INFO [Thread-2] org.apache.catalina.core.StandardService.stopInternal 서비스 [Catalina]을(를) 중지시킵니다.
22-Feb-2024 09:39:38.568 INFO [Thread-2] org.apache.coyote.AbstractProtocol.stop 프로토콜 핸들러 ["http-nio-80"]을(를) 중지시킵니다.
22-Feb-2024 09:39:38.575 INFO [Thread-2] org.apache.coyote.AbstractProtocol.destroy 프로토콜 핸들러 ["http-nio-80"]을(를) 소멸시킵니다.
